0 2 6 2 3 4 8 6 0
1 2 3 4 5 0 5 6 7
2 2 4 2 5 0 5
3 2 5 2 3 0 5 6
4 2 0 2 3 6 7 4 7 8
5 4 1 2 6 4 0 6 9 7
6 2 0 4 2 7 5 4
7 2 0
8 0 1
9 2 0 4 2
10 2 3 0 3 4 5 9 7 6 9
11 0 1
12 2 0 2 3 6 4 6 9 7
13 2 0 2 3
14 2 3 0 5 6 3 8 6 8 9
15 2 5 2 3 6 0
16 2 0 2
17 2 4 2 0 4 5 6 7 8 9
18 2 0 5 3 2 7 5
19 0 1 2 6 4 3
20 2 0 2 3 6 4 8 6 8 9
21 3 1 4 5 0 5 8 6
22 2 3 0 5 3 5 6
23 2 0 2 3 8 5 6 4
24 2 0 2 3
25 2 3 0 6 4 3 9 7 6
26 2 0 2 3 6 4 6 7
27 2 0 2
28 3 1 5 3 6 0 6 9 7
29 2 3 0 3 7 5 4
30 2 0 4 5 2 5 8 6
31 9 6 4 2 4 8 6 1 0
32 2 9 2 3 7 5 8 4 0 9
33 2 0 4 2
34 2 3 0 3 7 5 4 7
35 0 1
36 2 3 0 5 3 5 6 7
37 2 3 0 3 4 5 6 7 10 8
38 2 0 4 2 4 7 8 5
39 0
40 2 3 0 3 4 5 6 7
41 2 0 2 3 8 7 5 4
42 0
43 2 0 2 5 10 9 6 7 5 3
44 0
45 0 1 4 2
46 3 1 4 6 4 0 8 6 10 8
47 2 3 0 6 4 3 8 6 8
48 2 0
49 2 0 7 3 6 4 2
50 2 0 2
51 2 3 0 5 3 5 6 9 7
52 2 3 0 3 6 4
53 2 7 2 5 3 5 0 9 7
54 2 0
55 0 1
56 0
57 0 1
58 3 1 0 8 6 7 4 3
59 2 9 4 5 6 2 6 7 10 0
60 2 3 4 0 7 5 4 9 7 9
61 7 1 5 3 2 5 0
62 3 1 0 3 4 9 6 7 5
63 2 7 2 3 4 5 9 7 0 9
64 2 0 4 2 9 5 6 7 4
65 2 3 0 5 3 7 5
66 8 1 2 7 6 4 3 0 8
67 8 3 7 3 4 5 1 0 8
68 2 3 4 0 6 7 9 7 4 9
69 0 1 2 3 4 7 5 7 8
70 2 0 4 2
71 2 0 2 3 4 8 6 5
72 3 1 4 5 6 0 8 6 8 9
73 2 3 6 3 4 0 6 9 7
74 2 0 4 7 4 5 9 7 2
75 2 3 0 3 6 4 6
76 4 3 1 5 0 5
77 2 3 4 0 4
78 0 1 2
79 7 1 4 5 6 2 0 9 7
80 3 1 4 0 4 5 6
81 2 3 4 0 6 4
82 3 1 9 3 4 8 6 5 10 0
83 2 3 5 3 6 7 0 7
84 0 3 4 1
85 2 3 0
86 2 0 2 3 9 5 8 6 4
87 2 3 4 0 6 4
88 0 1 2 3 4 7 5
89 2 0 2 6 4 3 8 6
90 2 8 2 5 3 5 6 0 8 9
91 2 3 6 5 3 7 0
92 3 1 0 7 4 5 3
93 3 1 4 0 4 7 5
94 2 0 5 3 2
95 2 0
96 2 0 4 2 4
97 2 3 0 5 8 7 5 9 3
98 2 3 0 3 4 5 6 7 8 9
99 4 3 1 0 4
100 9 3 4 1 6 7 4 7 0 9
101 3 1 4 0 4 5
102 7 1 4 2 6 4 0 7 10 8
103 2 3 4 0 4 5
104 0 4 2 1
105 2 0 2 3 4
106 2 0 2 5 3 5 9 7 6
107 2 3 0 5 6 3
108 0 1
109 4 1 2 5 0 5 8 6 8
110 2 0 2 6 4 3
111 2 10 4 2 6 4 8 9 6 0
112 2 0 2
113 2 3 4 0 7 5 4 7 8
114 2 6 2 3 4 7 0 9 7 9
115 2 3 0 8 4 5 6 3 8 9
116 2 0 2
117 2 0 4 5 2
118 2 3 4 5 7 5 0 9 10 7
119 3 1 4 0 4 5
120 2 6 5 3 2 0 10 9 7 6
121 6 1 5 3 2 0 6 9 7 9
122 8 1 2 3 4 7 5 0 8
123 2 0 7 3 4 5 2 7 10 8
124 2 0 2 3
125 2 3 0 3 4
126 3 1 7 5 3 5 0 7 10 8
127 2 3 4 0
128 2 3 0 5 6 7 3
129 7 4 2 1 4 5 0 7
130 2 0 2 3 6 4
131 2 0 2 3 4 8 6 5
132 2 0 6 3 4 2
133 2 3 0 6 4 3 6 9 10 7
134 2 3 4 5 6 10 8 9 6 0
135 4 3 1 0 4 5 6
136 2 0 2 5 3 5
137 2 10 4 6 4 9 6 7 2 0
138 2 0 9 3 8 5 6 4 2
139 0 1
140 5 1 4 2 0 8 6 5 10 8
141 2 0 4 2
142 2 3 0 3 6 4
143 2 0
144 2 3 4 0 9 5 6 7 10 4
145 2 0 2 5 3
146 2 0
147 2 3 0 3 4
148 2 0
149 4 3 1 5 0 5 6 7 8 9
150 2 0 2 5 6 3 9 7 6
151 0
152 2 0 4 5 2 7 5
153 2 3 4 0 4 7 5 9 7
154 2 3 5 3 0 5
155 2 0 4 2 4 5 6 10 8 7
156 5 3 1 3 0 8 6 5 10 8
157 4 1 2 6 4 0 6 7 10 8
158 9 1 5 3 2 7 5 7 0
159 3 1 0 6 4 7 3 7 8 9
160 2 0 4 2 4
161 2 3 5 3 6 7 0
162 6 3 1 5 3 7 0 7
163 4 3 1 5 0 5 6 7
164 0 3 4 1
165 2 3 0 5 3 5 8 6
166 2 0 2 6 4 3
167 5 1 4 2 9 5 8 6 0 9
168 2 3 0 3 4 5 6 7
169 2 3 0 3 6 4
170 2 0 4 2 10 5 6 7 8 4
171 2 0 4 2
172 2 3 0 5 3
173 2 3 0 5 10 5 8 9 6 3
174 2 6 2 5 3 0 8 6
175 0 1 2 3
176 2 3 4 6 4 8 6 0 8
177 2 3 0
178 2 4 2 0 4 5 6
179 2 0 4 5 2 7 5
180 2 0 4 5 2 7 5
181 2 0 2 3 6 4 6 9 10 7
182 2 6 2 3 4 0
183 0
184 2 0 4 2
185 0 1 2 3 4 7 5 7
186 2 4 2 7 4 5 0 7 8
187 2 3 0 3
188 0 1 2 5 3
189 2 0 2 5 3
190 0 1 2 3
191 0 1 6 5 3 2 6 7
192 2 5 2 3 0 5 6 9 10 7
193 2 3 4 0 6 4
194 3 1 4 5 6 9 8 6 0 9
195 2 0 4 2
196 2 0 4 2
197 0 1 2 3 4 5 6
198 2 3 0 3 4 5 6
199 2 3 0 3 6 7 8 4 10 8
200 3 1 5 3 0 5 8 6 8
201 4 3 1 5 0 5 10 9 7 6
202 2 3 0 3 4 7 5
203 6 1 2 5 3 7 0 7 8
204 5 3 4 1 0 5 6 10 8 7
205 4 3 1 6 4 7 0 7
206 2 0 2
207 0
208 0
209 0
210 2 9 5 3 2 7 5 7 10 0
211 0
212 2 3 0
213 0 1
214 2 3 0 5 3 7 5 9 7 9
215 3 1 0 3 4 5 6
216 2 0 4 2 4 10 8 6 8 5
217 2 3 5 3 0 5 10 9 7 6
218 2 5 4 2 0 7 5
219 2 3 0 6 4 7 3 10 8 7
220 7 6 2 5 3 1 8 0 8 9
221 2 0 2
222 3 1 4 0 8 7 5 4 8 9
223 2 0 2 5 3 5 6 7
224 9 1 5 3 6 8 6 2 0
225 2 3 0 3 4
226 2 9 2 5 3 8 6 5 10 0
227 3 1 4 9 6 7 4 7 0 9
228 2 0 2 3 6 9 8 6 4 9
229 2 3 0 5 3 5 6
230 3 1 4 5 6 0 6 7 8
231 4 1 2 5 0 5 6
232 2 6 4 5 2 0 6
233 2 3 4 0 6 4 6 7
234 2 0 4 2
235 2 3 0 3 4 7 5
236 4 3 1 5 6 0 6 7 8 9
237 4 3 1 0 8 5 6 4
238 3 1 0 5 3 5 6
239 2 3 0 3 4
240 2 6 5 3 2 0 10 9 7 6
241 3 1 5 3 6 0 6 7 8 9
242 2 3 0 3 4
243 2 0 4 2 4
244 0 1 4 2 4 7 5 9 7 9
245 2 0 4 2
246 3 1 4 0 4 5 8 6
247 2 3 4 0 4 7 5 7 8
248 2 0 4 2 4 8 6 5 8 9
249 5 3 1 3 0 7 5 7 10 8
