0 2 0 8 3 4 5 6 2
1 3 1 4 5 0 5 8 6
2 3 1 5 3 0 5
3 5 1 2 3 0 7 5
4 2 0 2 3 4 5 8 6 8
5 2 0 7 5 3 5 2 7 8
6 2 0 4 2 6 4 6
7 2 0
8 2 0
9 2 0 4 2
10 3 1 0 3 4 5 10 10 10 6
11 2 0
12 2 0 4 6 4 2 6 9 7
13 2 0 4 2
14 3 1 0 3 4 5 6 9 10 7
15 2 6 4 5 2 0
16 2 0 2
17 4 3 1 0 4 5 6 7 8 9
18 2 0 4 5 2 5 6
19 6 6 6 6 6 0
20 2 0 2 3 7 5 4 7 8 9
21 3 1 5 3 0 5 6 7
22 2 3 0 3 4 5 6
23 2 0 2 3 4 7 5 7
24 2 0 4 2
25 3 1 0 3 4 5 6 9 7
26 2 0 2 3 4 5 6 7
27 2 0 2
28 3 1 6 5 3 0 6 7 8
29 3 1 0 3 7 5 4
30 2 0 5 3 2 5 6 7
31 6 1 4 2 4 9 8 6 0
32 4 3 1 0 9 7 8 5 4 9
33 2 0 4 2
34 0 3 1 3 4 8 8 5
35 2 0
36 2 3 0 5 3 5 6 7
37 2 3 0 3 10 10 10 10 10 4
38 2 0 2 3 4 5 8 6
39 0
40 3 1 0 3 4 7 5 7
41 2 0 4 2 4 7 5 7
42 0
43 2 0 2 3 6 4 6 7 8 9
44 0
45 4 4 4 0
46 6 3 4 5 1 0 6 7 8 9
47 3 1 0 3 6 4 6 7 8
48 2 0
49 2 0 2 3 7 5 4
50 3 3 0
51 3 1 0 5 3 5 6 7 8
52 3 1 0 3 6 4
53 2 0 2 6 4 7 3 9 7
54 0 1
55 2 0
56 0
57 2 0
58 3 1 0 3 4 5 8 6
59 2 0 6 5 3 2 6 7 10 8
60 4 3 1 0 4 7 5 7 8 9
61 5 1 2 3 6 7 0
62 2 3 0 3 4 5 8 6 8
63 2 0 9 3 4 5 6 7 2 9
64 2 0 4 2 4 9 6 7 5
65 2 3 0 3 4 5 6
66 6 1 2 3 4 0 8 6 8
67 2 8 2 3 4 7 5 0 8
68 4 1 2 0 6 4 8 9 10 6
69 2 0 2 3 4 5 6 7 8
70 2 0 2 3
71 2 0 2 3 4 5 8 6
72 3 1 0 5 6 3 8 6 8 9
73 2 3 0 6 4 3 6 7 8
74 2 4 2 0 4 5 8 6 8
75 2 3 0 3 4 5 6
76 2 4 2 0 4 5
77 3 1 0 3 4
78 0 3 1
79 6 3 1 5 3 7 0 7 8
80 2 4 2 0 4 7 5
81 2 0 2 3 4 5
82 3 1 0 3 4 9 8 6 10 5
83 2 3 0 7 4 5 3 7
84 2 3 0 3
85 2 3 0
86 2 0 2 3 9 5 6 7 4
87 4 3 1 0 4 5
88 4 1 2 0 4 7 5
89 2 0 2 3 4 5 6 7
90 8 1 2 3 4 5 6 0 10 8
91 0 7 4 6 4 2 1
92 2 3 0 3 6 7 4
93 4 1 2 0 4 7 5
94 2 0 2 5 3
95 0 1
96 3 1 5 3 0
97 3 1 0 5 3 7 5 7 8
98 3 1 0 3 6 7 4 7 8 9
99 3 1 0 5 3
100 5 3 1 3 9 5 6 7 0 9
101 4 3 1 0 6 4
102 7 1 2 6 6 3 0 7 8 9
103 4 3 1 0 4 5
104 0 1 2 3
105 2 0 2 3 4
106 2 0 4 2 4 5 6 7 8
107 2 3 0 3 6 4
108 2 0
109 5 3 4 1 0 7 5 7 8
110 2 0 4 2 4 5
111 2 0 4 2 6 4 9 7 6 9
112 2 0 2
113 4 3 1 0 8 5 6 4 8
114 7 1 5 5 2 5 0 9 10 7
115 3 1 0 5 3 5 6 9 7 9
116 2 0 2
117 2 0 2 3 4
118 4 1 2 5 7 5 0 7 8 9
119 3 1 4 0 4 5
120 2 0 4 2 4 5 6 7 10 8
121 6 1 2 5 3 0 6 9 7 9
122 2 3 0 8 4 5 6 3 8
123 2 0 2 3 4 7 5 7 10 8
124 2 0 2 3
125 2 3 0 3 4
126 6 6 6 6 6 7 0 7 8 9
127 3 1 4 0
128 3 1 0 3 6 4 6
129 7 1 4 2 4 5 0 7
130 2 0 4 2 4 5
131 2 0 2 3 4 5 6 7
132 2 0 2 5 3 5
133 3 1 0 5 3 5 6 7 10 8
134 10 1 4 2 6 7 4 7 8 0
135 4 3 1 0 4 5 6
136 2 0 2 5 3 5
137 2 3 6 3 4 10 8 9 6 0
138 2 0 9 5 6 3 6 7 2
139 2 0
140 5 1 4 2 0 5 6 7 8 9
141 2 0 4 2
142 3 1 0 3 6 4
143 0 1
144 4 1 2 0 4 5 6 7 10 8
145 2 0 2 3 4
146 0 1
147 3 1 0 3 4
148 0 1
149 5 3 4 1 0 8 6 5 8 9
150 2 0 2 3 4 5 6 7 8
151 0
152 2 0 2 3 4 5 6
153 4 3 1 0 7 5 4 9 7
154 5 3 1 3 0 5
155 2 0 4 2 4 5 6 7 8 9
156 5 1 4 2 0 5 8 6 8 9
157 3 1 0 5 6 3 6 7 8 9
158 7 1 4 2 6 4 0 7 8
159 2 3 0 3 4 5 6 7 10 8
160 2 0 4 2 4
161 0 3 1 5 6 7 3
162 6 3 1 3 4 7 0 7
163 2 5 4 2 0 5 6 7
164 2 0 2 3
165 2 3 0 5 3 5 6 7
166 2 0 4 2 4 5
167 4 1 2 5 9 5 6 7 0 9
168 3 1 0 3 4 5 6 7
169 3 1 0 3 4 5
170 2 0 4 2 4 5 6 7 10 8
171 2 0 2 3
172 3 1 0 5 3
173 3 1 0 10 9 5 6 7 4 3
174 6 1 2 3 4 0 8 6
175 4 4 4 0
176 2 4 2 0 6 8 6 4 8
177 3 1 0
178 4 1 2 0 4 5 6
179 2 0 2 3 4 5 6
180 2 0 2 3 4 5 6
181 2 0 2 3 6 4 6 7 10 8
182 2 3 4 6 4 0
183 0
184 2 3 0 3
185 5 5 5 5 6 7 0 7
186 2 0 2 3 4 5 6 7 8
187 2 3 0 3
188 2 3 0 3 4
189 5 5 5 5 0
190 2 3 0 3
191 2 3 0 3 6 4 6 7
192 5 1 2 3 0 5 6 9 10 7
193 4 3 1 0 4 5
194 7 1 4 5 2 5 0 7 10 8
195 4 4 4 0
196 4 4 4 0
197 5 5 5 5 6 0 6
198 3 1 0 3 4 5 6
199 3 1 0 3 10 10 10 10 10 4
200 5 1 2 3 0 5 6 7 8
201 2 5 2 3 0 5 6 7 10 8
202 3 1 0 3 4 7 5
203 7 5 5 5 6 1 0 7 8
204 2 9 4 5 6 2 6 7 0 9
205 7 3 4 5 6 1 0 7
206 2 0 2
207 0
208 0
209 0
210 2 0 5 3 2 7 8 9 10 5
211 0
212 2 3 0
213 2 0
214 3 1 0 5 3 5 6 7 8 9
215 2 3 0 3 4 7 5
216 2 0 4 2 4 7 8 9 10 5
217 5 3 1 3 0 7 5 7 10 8
218 5 1 2 3 0 7 5
219 3 1 0 3 4 5 6 7 8 9
220 8 3 4 6 4 1 6 0 8 9
221 2 0 2
222 8 1 4 2 4 5 6 0 8 9
223 2 0 2 3 4 5 6 7
224 6 1 4 5 2 0 6 7 8
225 3 1 0 5 3
226 2 0 9 3 4 5 6 7 10 2
227 4 1 2 0 4 5 6 9 10 7
228 2 0 4 6 4 2 8 10 10 6
229 3 1 0 3 4 5 6
230 3 1 6 3 4 0 6 7 8
231 4 1 2 5 0 7 5
232 2 3 4 6 4 0 6
233 0 1 2 3 6 8 8 4
234 2 0 4 2
235 2 0 2 3 4 7 5
236 3 3 4 6 4 0 6 7 10 8
237 2 3 0 3 4 5 6 7
238 3 1 0 5 7 7 3
239 2 3 0 3 4
240 2 0 4 2 4 5 6 7 10 8
241 3 1 0 5 6 3 6 7 8 9
242 3 1 0 5 3
243 2 0 2 3 4
244 2 3 0 7 4 5 3 9 10 7
245 2 0 4 2
246 4 1 2 0 4 5 8 6
247 4 3 1 0 4 5 6 7 8
248 2 0 4 2 9 5 8 6 4 9
249 5 4 4 1 0 5 6 7 8 9
