0 2 8 2 3 4 7 5 0
1 2 3 5 3 0 5 8 6
2 2 3 4 5 0 5
3 2 3 4 5 0 7 5
4 2 0 2 3 4 7 8 5 8
5 6 1 2 5 3 0 6 9 7
6 2 0 4 2 4 7 5
7 2 0
8 2 0
9 2 0 2 3
10 2 3 0 3 4 5 8 9 10 6
11 0 1
12 2 0 2 5 6 3 6 9 7
13 2 0 2 3
14 2 3 0 6 4 3 8 6 8 9
15 2 3 4 5 6 0
16 2 0 2
17 2 3 4 0 8 5 6 4 8 9
18 2 0 5 3 2 5 6
19 2 3 4 6 4 0
20 2 0 2 3 6 4 8 9 10 6
21 3 1 4 5 0 5 8 6
22 2 3 0 5 6 3 6
23 2 0 2 3 4 7 8 5
24 2 0 4 2
25 2 3 0 5 6 3 9 7 6
26 2 0 2 7 4 5 3 7
27 2 0 2
28 3 1 5 3 6 0 6 9 7
29 2 3 0 3 6 7 4
30 2 0 4 5 2 5 8 6
31 9 6 5 3 2 8 6 1 0
32 9 3 4 1 7 5 8 4 0 9
33 2 0 4 2
34 2 3 7 5 3 5 0 7
35 0 1
36 2 3 0 5 3 5 6 7
37 2 3 0 3 6 7 8 10 8 4
38 2 0 5 3 2 7 8 5
39 0
40 2 3 0 3 4 5 6 7
41 2 0 4 2 4 7 8 5
42 0
43 2 0 5 3 2 9 6 7 10 5
44 0
45 2 0 4 2
46 3 1 4 6 4 0 6 7 8 9
47 2 3 0 6 4 3 8 6 8
48 0 1
49 2 0 7 3 6 4 2
50 2 3 0
51 2 3 0 5 7 5 3 9 7
52 2 3 0 3 6 4
53 2 6 2 5 3 7 0 9 7
54 0 1
55 2 0
56 0
57 2 0
58 2 3 0 6 4 7 8 3
59 2 8 4 5 6 2 6 9 10 0
60 2 3 4 0 7 5 4 9 7 9
61 7 6 2 5 3 1 0
62 3 1 0 3 4 9 6 7 5
63 2 7 2 3 4 5 8 9 0 9
64 4 1 2 0 6 7 4 9 7
65 2 3 0 5 3 7 5
66 6 3 1 5 3 7 8 0 8
67 8 3 4 1 4 7 5 0 8
68 4 1 2 0 4 7 8 9 10 5
69 2 0 2 3 8 7 5 4 8
70 2 0 4 2
71 2 0 2 8 4 7 5 3
72 2 3 4 5 6 0 8 6 8 9
73 2 3 4 6 4 0 6 9 7
74 2 4 2 0 4 9 6 7 5
75 2 3 0 3 6 4 6
76 2 3 4 5 0 5
77 2 3 4 0 4
78 3 1 0
79 2 3 4 5 6 7 0 9 7
80 4 3 1 0 4 5 6
81 2 3 4 0 6 4
82 2 3 9 3 4 8 6 5 10 0
83 6 3 5 3 1 7 0 7
84 0 3 4 1
85 2 3 0
86 2 0 4 2 9 5 8 6 4
87 4 3 1 0 6 4
88 0 1 2 3 4 7 5
89 2 0 2 3 4 8 6 5
90 2 3 6 5 3 8 6 0 8 9
91 2 3 4 5 6 7 0
92 3 1 0 3 7 5 4
93 3 1 4 0 4 7 5
94 2 0 4 5 2
95 2 0
96 2 3 4 5 0
97 2 3 5 3 0 9 6 7 5
98 2 3 0 9 4 5 6 7 3 9
99 2 3 0 3 4
100 5 3 4 1 6 7 9 7 0 9
101 2 3 4 0 4 5
102 2 7 4 2 6 4 0 7 10 8
103 2 3 4 0 4 5
104 0 4 2 1
105 2 0 2 3 4
106 2 0 6 5 3 2 8 9 6
107 2 3 0 3 4 5
108 0 1
109 2 3 4 5 0 5 8 6 8
110 2 0 4 2 6 4
111 2 10 4 2 6 4 8 9 6 0
112 2 0 2
113 2 3 4 0 4 8 6 5 8
114 2 6 4 2 4 7 0 9 10 7
115 2 3 0 5 3 5 8 6 8 9
116 2 0 2
117 2 0 4 5 2
118 2 5 2 3 6 7 0 9 10 7
119 4 3 1 0 4 5
120 2 6 4 5 2 0 10 9 7 6
121 2 6 4 5 2 0 6 9 10 7
122 2 3 5 3 6 7 8 0 8
123 2 7 4 5 2 5 0 7 10 8
124 2 0 4 2
125 2 3 0 3 4
126 2 3 5 3 6 7 0 7 10 8
127 3 1 4 0
128 2 3 0 5 3 7 5
129 2 7 2 3 4 5 0 7
130 2 0 2 5 6 3
131 2 0 2 3 4 8 6 5
132 2 0 2 5 6 3
133 2 3 0 6 4 3 6 9 10 7
134 2 3 4 5 7 5 8 9 10 0
135 4 3 1 0 4 5 6
136 2 0 2 5 3 5
137 2 10 4 6 4 9 8 6 2 0
138 2 0 9 7 4 5 8 3 2
139 0 1
140 2 5 4 2 0 5 10 7 8 6
141 2 0 4 2
142 2 3 0 3 6 4
143 2 0
144 2 3 4 0 9 5 6 7 10 4
145 2 0 4 5 2
146 2 0
147 2 3 0 3 4
148 0 1
149 3 1 4 5 0 8 6 9 5 9
150 2 0 4 5 6 2 9 7 6
151 0
152 2 0 4 5 2 7 5
153 2 3 4 0 4 7 5 9 7
154 2 3 4 5 0 5
155 2 0 4 2 4 5 6 10 8 7
156 4 3 1 5 0 8 6 5 10 8
157 4 1 2 6 4 0 6 7 10 8
158 5 1 2 3 7 5 0 9 7
159 2 3 0 6 4 7 8 3 8 9
160 2 0 4 2 4
161 2 5 4 2 6 7 0
162 6 3 1 5 3 7 0 7
163 5 3 4 1 0 7 5 7
164 0 1 4 2
165 2 3 0 5 3 5 8 6
166 2 0 5 3 2 5
167 9 1 4 2 6 4 8 6 0 9
168 2 3 0 3 4 5 8 6
169 2 3 0 3 4 5
170 2 0 4 2 6 7 4 7 8 9
171 2 0 4 2
172 2 3 0 3 4
173 2 3 6 5 3 10 8 9 6 0
174 2 3 6 5 3 0 6 7
175 2 3 0 3
176 2 7 4 2 4 5 8 0 8
177 2 3 0
178 2 3 4 0 4 5 6
179 2 0 4 5 2 7 5
180 2 0 4 5 2 7 5
181 2 0 2 3 6 4 6 7 10 8
182 2 6 2 3 4 0
183 0
184 2 3 0 3
185 2 3 4 5 6 7 0 7
186 2 0 4 2 4 8 6 5 8
187 2 3 0 3
188 2 0 2 3 4
189 2 3 0 5 3
190 2 0 2 3
191 0 3 6 3 4 1 6 7
192 2 3 5 3 7 5 0 9 10 7
193 3 1 4 0 4 5
194 2 3 4 5 6 9 6 7 0 9
195 2 0 4 2
196 2 0 4 2
197 2 3 4 5 0 5 6
198 2 3 0 6 4 3 6
199 2 3 0 3 8 7 5 4 10 8
200 3 1 4 5 0 5 8 6 8
201 4 3 1 5 0 5 10 7 8 6
202 2 3 0 3 4 7 5
203 6 3 5 3 1 7 0 9 7
204 5 3 4 1 0 7 5 10 8 7
205 7 3 5 3 6 1 0 7
206 2 0 2
207 0
208 0
209 0
210 2 9 2 5 3 7 8 5 10 0
211 0
212 2 3 0
213 2 0
214 2 3 0 5 3 7 5 7 8 9
215 2 3 0 3 4 5 6
216 2 0 4 2 6 7 10 7 8 4
217 2 3 4 5 0 9 6 7 10 5
218 2 5 4 2 0 5 6
219 2 3 0 7 6 4 3 10 8 7
220 2 8 2 5 6 7 3 0 8 9
221 2 0 2
222 3 1 4 0 4 8 6 5 8 9
223 2 0 6 3 4 2 6 7
224 9 1 4 5 6 8 6 2 0
225 2 3 0 5 3
226 2 9 2 5 6 3 8 6 10 0
227 2 3 4 9 7 5 4 7 0 9
228 2 0 4 5 6 9 8 6 10 2
229 2 3 0 6 4 3 6
230 6 5 4 2 1 0 6 9 7
231 4 1 2 5 0 5 6
232 2 6 4 5 2 0 6
233 2 3 4 0 6 4 8 6
234 2 0 4 2
235 2 3 0 3 4 7 5
236 3 1 4 5 6 0 8 6 8 9
237 4 3 1 0 4 8 6 5
238 2 3 0 5 3 7 5
239 2 3 0 3 4
240 2 6 4 5 2 0 10 9 7 6
241 2 3 5 3 6 0 6 9 10 7
242 2 3 0 5 3
243 2 0 2 3 4
244 2 3 8 3 6 7 4 9 0 9
245 2 0 4 2
246 4 3 1 0 4 5 8 6
247 2 3 4 0 4 7 8 5 8
248 2 0 2 9 4 7 8 5 3 9
249 0 3 4 5 7 5 8 10 8 1
