0 2 0 2 3 4 8 6 5
1 5 1 2 3 0 5 6 7
2 5 1 2 3 0 5
3 5 1 4 2 0 5 6
4 2 0 7 3 4 5 2 7 8
5 2 0 5 3 2 5 6 7 8
6 2 3 4 0 7 5 4
7 0 1
8 0 1
9 2 0 4 2
10 3 1 4 0 4 5 6 9 7 9
11 0 1
12 2 0 2 3 6 4 6 7 8
13 2 0 4 2
14 3 1 0 3 4 5 10 7 8 6
15 2 6 2 5 3 0
16 2 0 2
17 4 1 2 0 4 5 6 7 8 9
18 2 0 4 5 2 5 6
19 0 1 2 3 4 5
20 2 0 2 3 4 5 8 6 8 9
21 3 1 5 3 0 5 8 6
22 2 3 0 3 4 5 6
23 2 0 2 3 4 8 6 5
24 2 0 2 3
25 3 1 0 3 4 5 6 9 7
26 2 0 2 3 4 5 6 7
27 2 0 2
28 3 1 6 5 3 0 6 9 7
29 3 1 4 0 7 5 4
30 2 5 2 3 0 5 6 7
31 6 1 2 3 4 9 6 7 0
32 2 4 2 0 9 8 6 5 4 9
33 2 0 4 2
34 2 3 0 3 7 5 4 7
35 0 1
36 3 1 0 5 3 5 6 7
37 3 1 0 3 4 5 6 7 10 8
38 2 0 2 3 4 8 6 5
39 0
40 3 1 0 3 4 5 6 7
41 2 0 2 3 4 5 6 7
42 0
43 2 0 2 5 3 9 6 7 5 9
44 0
45 4 1 2 0
46 4 3 1 0 4 5 9 7 6 9
47 2 3 0 6 4 3 8 6 8
48 2 0
49 2 7 2 3 4 5 0
50 3 1 0
51 2 3 0 3 4 5 6 7 8
52 3 1 0 3 6 4
53 2 0 2 3 4 7 5 9 7
54 0 1
55 0 1
56 0
57 0 1
58 3 1 0 6 4 3 6 7
59 2 0 5 3 6 2 6 9 10 7
60 2 4 2 0 7 5 4 9 7 9
61 7 1 2 3 4 5 0
62 3 1 0 3 4 9 6 7 5
63 2 9 2 3 7 5 8 4 0 9
64 4 1 2 0 4 9 6 7 5
65 3 1 0 3 4 7 5
66 6 1 2 5 3 0 8 6 8
67 8 1 2 3 4 5 6 0 8
68 2 4 2 0 4 5 9 7 6 9
69 0 3 1 3 4 5 6 7 8
70 2 0 2 3
71 2 0 2 3 8 7 5 4
72 2 0 2 3 6 4 8 6 8 9
73 2 6 2 3 4 0 6 7 8
74 2 0 2 7 4 5 3 9 7
75 0 1 4 2 4 5 6
76 0 1 2 5 3 5
77 0 1 4 2 4
78 0 1 2
79 7 1 6 5 3 2 0 7 8
80 4 1 2 0 4 5 6
81 0 1 2 3 4 5
82 3 1 0 3 4 5 8 6 10 8
83 6 3 5 3 1 7 0 7
84 0 1 2 3
85 0 3 1
86 2 0 2 3 9 5 6 7 4
87 2 3 4 0 4 5
88 0 1 2 3 4 7 5
89 2 0 2 3 4 5 8 6
90 2 8 2 3 4 5 6 0 8 9
91 2 7 6 3 4 2 0
92 3 1 0 3 7 5 4
93 3 1 4 0 4 5 6
94 2 0 5 3 2
95 0 1
96 2 0 5 3 2
97 3 1 0 5 3 7 5 7 8
98 3 1 0 3 4 5 6 7 8 9
99 3 1 0 3 4
100 5 4 2 1 9 5 6 7 0 9
101 4 3 1 0 4 5
102 7 1 2 3 4 5 0 7 8 9
103 4 1 2 0 4 5
104 0 1 4 2
105 2 0 2 3 4
106 2 0 4 2 4 5 6 9 7
107 3 1 0 6 4 3
108 0 1
109 5 4 2 1 0 5 8 6 8
110 2 0 2 3 6 4
111 6 1 4 2 4 0 6 7 8 9
112 2 0 2
113 4 1 2 0 4 7 5 7 8
114 7 1 5 3 6 2 0 7 8 9
115 3 1 0 8 4 5 6 3 8 9
116 2 0 2
117 2 0 4 5 2
118 2 5 2 3 7 5 0 10 8 7
119 4 1 2 0 4 5
120 2 0 4 2 6 4 6 10 8 7
121 6 1 4 5 2 0 6 9 7 9
122 3 1 5 3 6 8 6 0 8
123 2 0 7 3 4 5 2 7 10 8
124 2 0 2 3
125 2 3 0 3 4
126 7 1 2 5 3 5 0 7 10 8
127 3 1 4 0
128 3 1 0 5 3 5 6
129 7 1 4 2 4 5 0 7
130 2 0 2 3 4 5
131 2 0 2 3 4 5 6 7
132 2 0 2 6 4 3
133 3 1 0 3 10 5 6 9 7 4
134 2 3 10 3 4 5 6 7 8 0
135 4 1 2 0 4 5 6
136 2 0 2 5 3 5
137 2 0 2 3 4 10 9 7 6 5
138 2 0 2 5 8 7 5 3 8
139 0 1
140 5 1 2 3 0 8 6 5 8 9
141 2 0 4 2
142 3 1 0 3 6 4
143 0 1
144 2 3 4 0 9 5 6 7 10 4
145 2 0 2 3 4
146 0 1
147 3 1 0 3 4
148 2 0
149 4 1 2 5 0 5 6 7 8 9
150 2 0 2 5 3 5 6 9 7
151 0
152 2 0 2 3 4 5 6
153 4 3 1 0 4 5 8 6 8
154 5 3 1 3 0 5
155 2 0 4 2 4 5 6 7 10 8
156 3 1 5 3 0 8 6 5 10 8
157 6 1 2 5 3 7 0 7 10 8
158 4 1 2 0 4 7 5 7 8
159 3 1 0 3 7 5 4 7 8 9
160 2 0 4 2 4
161 2 7 5 3 2 5 0
162 6 3 1 3 4 7 0 7
163 5 1 4 2 0 5 6 7
164 0 3 1 3
165 0 1 2 5 3 5 6 7
166 2 0 5 3 2 5
167 9 1 4 2 4 5 8 6 0 9
168 3 1 0 3 4 5 8 6
169 3 1 0 3 4 5
170 2 0 4 2 4 10 6 7 8 5
171 2 0 2 3
172 3 1 0 5 3
173 3 1 0 3 4 5 10 7 8 6
174 6 1 2 3 4 0 8 6
175 0 1 2 3
176 8 1 4 6 4 2 6 0 8
177 3 1 0
178 4 1 2 0 4 5 6
179 2 0 4 5 2 7 5
180 2 0 4 5 2 7 5
181 0 3 1 3 6 4 6 7 8 9
182 2 6 2 3 4 0
183 0
184 0 1 4 2
185 0 1 2 3 4 7 5 7
186 0 4 2 1 4 8 6 5 8
187 3 1 0 3
188 0 1 2 5 3
189 5 1 2 3 0
190 0 1 2 3
191 0 1 6 5 3 2 6 7
192 5 1 2 3 0 5 6 7 8 9
193 4 1 2 0 4 5
194 5 3 1 3 0 5 6 10 8 7
195 0 3 4 1
196 0 3 4 1
197 0 1 2 3 4 5 6
198 2 3 0 3 4 5 6
199 3 1 0 3 6 7 8 10 8 4
200 5 3 1 3 0 5 6 7 8
201 5 4 2 1 0 5 6 9 7 9
202 3 1 0 3 4 7 5
203 7 1 2 3 6 4 0 7 8
204 5 1 2 3 9 5 6 7 0 9
205 4 1 2 7 6 4 0 7
206 2 0 2
207 0
208 0
209 0
210 2 0 5 3 2 5 6 7 10 8
211 0
212 3 1 0
213 0 1
214 3 1 0 5 3 5 6 7 8 9
215 3 1 0 3 4 5 6
216 2 0 4 2 4 7 5 7 10 8
217 5 1 2 3 0 5 6 9 7 9
218 5 1 2 3 0 7 5
219 3 1 0 3 10 5 6 7 8 4
220 8 1 2 3 4 7 5 0 8 9
221 2 0 2
222 3 1 4 0 4 8 6 5 8 9
223 2 0 2 3 4 5 6 7
224 9 1 6 3 4 8 6 2 0
225 2 3 0 3 4
226 2 0 2 5 3 5 8 6 10 8
227 4 3 1 9 4 5 6 7 0 9
228 2 0 2 3 4 5 9 7 6 9
229 3 1 0 3 4 5 6
230 3 1 6 3 4 7 0 7 8
231 4 1 2 5 0 5 6
232 2 6 5 3 2 0 6
233 4 1 2 0 6 4 6 7
234 2 0 4 2
235 2 0 2 3 4 5 6
236 4 1 2 5 6 0 6 7 10 8
237 4 3 1 0 4 8 6 5
238 3 1 0 5 3 5 6
239 2 3 0 3 4
240 2 0 4 2 6 4 6 10 8 7
241 3 1 5 3 6 0 6 7 8 9
242 3 1 0 3 4
243 2 0 2 3 4
244 7 1 4 2 4 5 0 9 7 9
245 2 0 4 2
246 4 3 1 0 4 5 8 6
247 2 3 4 0 4 5 6 7 8
248 2 0 2 3 4 8 6 5 8 9
249 5 1 2 3 0 5 6 7 10 8
