0 2 0 2 3 4 5 8 6
1 5 1 2 3 0 5 6 7
2 5 1 4 2 0 5
3 5 1 4 2 0 5 6
4 2 0 2 3 6 7 4 7 8
5 6 1 4 2 4 0 6 9 7
6 2 0 4 2 4 7 5
7 2 0
8 0 1
9 2 0 2 3
10 3 1 0 3 4 5 8 9 10 6
11 0 1
12 2 0 2 3 6 4 6 7 8
13 2 0 2 3
14 2 3 0 5 6 3 6 7 8 9
15 5 1 2 3 6 0
16 2 0 2
17 2 4 2 0 4 5 8 6 8 9
18 2 0 2 5 3 7 5
19 2 3 4 6 4 0
20 2 0 2 3 6 4 6 9 7 9
21 3 1 4 5 0 5 8 6
22 2 3 0 5 6 3 6
23 2 0 2 3 8 5 6 4
24 2 0 2 3
25 3 1 0 6 4 3 9 7 6
26 2 0 2 3 6 4 6 7
27 2 0 2
28 3 1 5 3 6 0 6 9 7
29 3 1 0 3 4 5 6
30 2 0 4 5 2 5 8 6
31 8 6 5 3 2 7 1 9 0
32 9 3 1 3 7 5 8 4 0 9
33 2 0 4 2
34 7 1 2 3 6 4 0 7
35 0 1
36 2 3 0 3 4 5 6 7
37 2 3 0 3 6 7 8 10 8 4
38 2 0 4 5 2 7 8 5
39 0
40 2 3 0 3 4 5 6 7
41 2 0 2 3 8 7 5 4
42 0
43 2 0 5 3 2 10 6 9 7 5
44 0
45 2 0 4 2
46 2 3 4 6 4 0 8 6 10 8
47 2 3 0 6 4 3 8 6 8
48 2 0
49 2 0 7 3 6 4 2
50 2 3 0
51 2 3 0 3 7 5 4 9 7
52 2 3 0 3 6 4
53 2 6 2 5 3 7 0 9 7
54 0 1
55 0 1
56 0
57 2 0
58 3 1 0 3 4 7 5 7
59 2 9 4 5 6 2 6 7 10 0
60 2 3 4 0 7 5 4 9 7 9
61 7 1 2 5 3 5 0
62 2 3 0 3 4 9 6 7 5
63 2 7 2 3 4 5 8 9 0 9
64 4 1 2 0 6 7 4 9 7
65 2 3 0 5 3 7 5
66 8 3 1 5 7 5 3 0 8
67 8 3 1 3 4 7 5 0 8
68 2 3 4 0 4 9 8 6 10 5
69 0 3 1 3 4 7 5 7 8
70 2 0 4 2
71 2 0 2 3 4 8 6 5
72 2 4 2 5 6 0 6 7 8 9
73 2 3 4 0 4 5 6 9 7
74 2 0 2 7 4 5 9 7 3
75 2 3 0 3 6 4 6
76 4 3 1 0 4 5
77 2 3 0 5 3
78 0 1 2
79 5 3 4 1 7 5 0 9 7
80 3 1 4 0 4 5 6
81 2 3 4 0 6 4
82 3 1 9 3 4 8 6 5 10 0
83 2 3 0 3 6 4 6 7
84 2 0 4 2
85 2 3 0
86 2 0 4 2 4 5 8 9 6
87 3 1 4 0 6 4
88 0 1 2 3 4 7 5
89 2 0 2 6 4 3 8 6
90 2 8 2 5 3 5 6 0 8 9
91 3 1 0 5 6 7 3
92 3 1 0 7 4 5 3
93 3 1 4 0 4 7 5
94 2 0 4 2 4
95 0 1
96 5 1 4 2 0
97 2 3 0 5 7 5 3 7 8
98 2 3 0 3 7 5 4 7 8 9
99 2 3 0 3 4
100 4 3 1 9 6 7 4 7 0 9
101 3 1 4 0 4 5
102 2 7 4 2 6 4 0 7 10 8
103 2 3 4 0 4 5
104 0 4 2 1
105 2 0 2 3 4
106 2 0 2 5 6 3 8 9 6
107 2 3 0 5 3 5
108 0 1
109 3 1 4 5 0 5 8 6 8
110 2 0 2 6 4 3
111 2 0 2 9 6 4 8 6 3 9
112 2 0 2
113 2 3 4 0 4 5 6 7 8
114 2 0 4 9 6 4 6 7 10 2
115 2 3 0 5 3 5 8 6 8 9
116 2 0 2
117 2 0 4 5 2
118 4 1 2 5 7 5 0 9 10 7
119 4 1 2 0 4 5
120 2 6 2 5 3 0 10 9 7 6
121 2 6 5 3 2 0 6 9 10 7
122 2 3 5 3 6 7 8 0 8
123 2 0 4 5 2 7 10 7 8 5
124 2 0 2 3
125 2 3 0 3 4
126 2 3 5 3 6 7 0 7 10 8
127 3 1 4 0
128 6 1 2 5 3 7 0
129 7 1 4 2 4 5 0 7
130 2 0 2 5 3 5
131 2 0 2 3 4 7 8 5
132 2 0 6 3 4 2
133 2 3 0 3 4 5 6 9 10 7
134 2 3 4 5 6 8 6 10 8 0
135 4 3 1 0 4 5 6
136 2 0 2 5 3 5
137 2 10 4 6 4 9 8 6 2 0
138 2 0 4 2 4 8 6 5 8
139 2 0
140 2 4 2 5 0 5 10 7 8 6
141 2 0 4 2
142 2 3 0 3 6 4
143 2 0
144 2 3 4 0 6 10 6 9 7 4
145 2 0 4 5 2
146 2 0
147 2 3 0 3 4
148 2 0
149 4 3 1 5 0 8 6 5 8 9
150 2 0 4 5 6 2 8 9 6
151 0
152 2 0 4 5 2 7 5
153 2 3 4 0 4 9 6 7 5
154 2 3 5 3 0 5
155 2 0 2 3 4 5 6 9 10 7
156 5 3 1 3 0 8 6 5 10 8
157 2 6 2 5 3 0 6 7 10 8
158 2 5 2 3 0 7 5 9 7
159 2 3 0 6 4 7 8 3 8 9
160 2 0 2 3 4
161 2 3 4 5 6 7 0
162 6 3 1 5 3 7 0 7
163 4 3 1 5 0 5 6 7
164 0 3 4 1
165 2 3 0 3 4 5 8 6
166 2 0 2 5 3 5
167 5 1 4 2 9 5 8 6 0 9
168 2 3 0 3 4 5 8 6
169 2 3 0 3 4 5
170 2 0 2 3 10 5 6 7 8 4
171 2 0 4 2
172 2 3 0 3 4
173 3 1 10 5 6 3 8 9 6 0
174 2 6 2 5 3 0 6 7
175 0 1 2 3
176 2 6 2 3 4 8 6 0 8
177 2 3 0
178 2 6 2 3 4 0 6
179 2 0 4 5 2 7 5
180 2 0 4 5 2 7 5
181 2 0 2 3 6 4 6 9 10 7
182 2 6 2 3 4 0
183 0
184 2 0 4 2
185 2 3 4 0 6 7 8 4
186 2 4 2 7 4 5 0 7 8
187 2 3 0 3
188 0 1 2 5 3
189 2 3 0 5 3
190 0 1 2 3
191 0 1 6 5 3 2 6 7
192 2 3 0 3 4 5 6 9 10 7
193 3 1 4 0 6 4
194 0 3 4 5 9 5 8 6 1 9
195 2 3 4 0
196 2 3 4 0
197 0 1 2 3 4 5 6
198 2 3 0 3 4 5 6
199 2 3 0 3 6 7 9 7 10 4
200 2 3 5 3 0 5 8 6 8
201 4 3 1 5 0 5 9 7 10 6
202 2 3 0 3 4 7 5
203 6 3 1 3 4 7 0 9 7
204 9 3 4 5 1 5 6 7 0 9
205 6 3 1 3 4 7 0 7
206 2 0 2
207 0
208 0
209 0
210 2 9 2 3 4 7 8 5 10 0
211 0
212 2 3 0
213 0 1
214 2 3 0 5 3 7 5 9 7 9
215 3 1 0 3 4 7 5
216 2 0 2 3 4 7 10 7 8 5
217 2 3 5 3 0 9 6 7 5 9
218 2 5 4 2 0 5 6
219 2 3 0 6 4 7 3 10 8 7
220 2 8 2 5 6 7 3 0 8 9
221 2 0 2
222 3 1 4 0 4 8 6 5 8 9
223 2 0 2 5 3 5 6 7
224 9 1 4 5 8 5 6 2 0
225 2 3 0 3 4
226 2 9 2 5 3 8 6 5 10 0
227 3 1 9 3 6 7 4 7 0 9
228 2 0 2 5 6 9 8 6 10 3
229 2 3 0 5 6 3 6
230 3 1 4 5 6 0 6 9 7
231 4 1 2 5 0 5 6
232 2 6 4 5 2 0 6
233 2 3 4 0 6 4 8 6
234 2 0 4 2
235 2 3 0 3 4 5 6
236 4 1 2 0 4 5 6 7 8 9
237 4 3 1 0 8 5 6 4
238 3 1 0 5 3 7 5
239 3 1 0 3 4
240 2 6 2 5 3 0 10 9 7 6
241 3 1 5 3 6 0 6 7 8 9
242 2 3 0 3 4
243 2 0 4 2 4
244 4 1 2 8 4 5 6 9 0 9
245 2 0 2 3
246 3 1 4 0 4 5 8 6
247 2 3 4 0 4 7 8 5 8
248 2 0 2 3 4 9 8 6 5 9
249 0 3 4 1 4 7 5 7 10 8
