0 2 8 4 2 4 5 6 0
1 2 4 2 5 0 5 6 7
2 2 4 2 5 0 5
3 5 1 2 3 0 5 6
4 2 0 2 3 6 7 4 7 8
5 2 0 4 6 4 2 6 9 7
6 2 3 4 7 6 4 0
7 2 0
8 0 1
9 2 4 2 0
10 2 3 5 3 0 5 9 7 6 9
11 0 1
12 2 0 2 3 6 4 6 9 7
13 2 0 2 3
14 3 1 0 3 4 5 6 7 8 9
15 2 4 2 5 6 0
16 2 0 2
17 2 4 2 0 4 5 6 7 8 9
18 2 0 5 3 2 5 6
19 2 3 4 6 4 0
20 2 3 0 3 6 4 6 7 8 9
21 3 1 5 3 0 5 8 6
22 2 3 0 5 3 5 6
23 2 0 2 3 4 7 8 5
24 2 0 2 3
25 2 3 0 3 4 5 6 9 7
26 2 0 2 3 4 5 6 7
27 2 0 2
28 3 1 6 5 3 0 6 9 7
29 2 3 7 3 4 5 0
30 2 5 4 2 0 5 6 7
31 8 6 4 2 4 1 6 9 0
32 2 3 4 0 9 7 5 7 4 9
33 2 0 4 2
34 2 3 0 3 7 5 4 7
35 0 1
36 2 3 6 5 3 0 6 7
37 2 3 0 3 6 7 8 10 8 4
38 2 0 2 3 4 7 5 7
39 0
40 3 1 0 3 4 5 6 7
41 2 0 2 7 4 5 8 3
42 0
43 2 0 5 3 2 10 6 7 8 5
44 0
45 2 0 4 2
46 4 3 1 6 4 0 9 7 6 9
47 2 3 0 6 4 3 6 7 8
48 0 1
49 2 3 7 3 4 5 0
50 2 0 2
51 3 1 0 5 3 5 6 7 8
52 3 1 4 0 6 4
53 2 3 0 7 4 5 3 9 7
54 0 1
55 2 0
56 0
57 2 0
58 3 1 0 6 4 7 8 3
59 2 0 4 6 4 2 6 7 10 8
60 4 1 2 0 7 5 4 7 8 9
61 7 1 2 3 4 5 0
62 2 3 0 3 4 9 6 7 5
63 2 9 2 3 4 5 6 7 0 9
64 2 4 2 0 4 9 6 7 5
65 2 3 0 3 4 7 5
66 6 1 2 3 4 8 6 0 8
67 8 1 2 3 4 5 6 0 8
68 4 3 1 0 4 5 8 6 8 9
69 0 1 2 3 4 5 6 7 8
70 2 0 4 2
71 2 0 2 3 4 8 6 5
72 4 1 2 5 6 8 6 0 8 9
73 2 3 6 3 4 0 6 7 8
74 0 1 2 7 4 5 3 9 7
75 2 3 0 3 6 7 4
76 4 1 2 5 0 5
77 2 3 4 0 4
78 3 1 0
79 5 1 4 2 7 5 0 9 7
80 3 1 4 0 4 5 6
81 2 3 0 3 6 4
82 3 1 0 3 4 5 8 6 10 8
83 6 3 5 3 1 7 0 7
84 2 0 2 3
85 2 3 0
86 2 0 2 3 4 5 6 7 8
87 3 1 4 0 6 4
88 0 1 2 3 4 7 5
89 2 3 0 3 4 5 8 6
90 2 8 2 3 4 5 6 0 8 9
91 2 6 2 3 4 7 0
92 3 1 0 3 7 5 4
93 3 1 4 0 4 5 6
94 2 0 4 2 4
95 2 0
96 2 3 5 3 0
97 3 1 5 3 0 5 9 7 6
98 3 1 0 3 4 5 6 7 8 9
99 2 3 0 3 4
100 5 4 2 1 9 5 6 7 0 9
101 3 1 4 0 4 5
102 7 1 2 3 6 4 0 7 10 8
103 4 1 2 0 4 5
104 0 1 4 2
105 2 0 2 3 4
106 2 0 2 3 4 5 6 7 8
107 2 3 0 3 4 5
108 0 1
109 5 3 1 3 0 5 8 6 8
110 2 0 2 3 6 4
111 6 1 4 2 4 0 6 7 8 9
112 2 0 2
113 3 1 4 0 6 7 4 7 8
114 2 7 4 2 6 4 0 7 8 9
115 3 1 0 8 4 5 6 3 8 9
116 2 0 2
117 2 0 4 5 2
118 2 5 2 3 7 5 0 10 8 7
119 4 1 2 0 4 5
120 2 4 2 5 0 7 9 7 5 9
121 2 6 5 3 2 9 6 7 0 9
122 2 3 8 3 4 5 6 0 8
123 2 7 2 3 4 5 0 7 10 8
124 2 0 2 3
125 2 3 0 3 4
126 3 1 5 3 6 7 0 7 10 8
127 3 1 4 0
128 2 3 0 5 3 7 5
129 4 1 2 7 4 5 0 7
130 2 0 2 3 6 4
131 2 3 0 3 4 7 5 7
132 2 0 2 5 6 3
133 3 1 6 3 4 0 6 10 8 7
134 8 3 1 5 6 3 6 10 8 0
135 4 1 2 5 0 5 6
136 2 0 2 5 3 5
137 2 0 2 3 4 10 8 9 6 5
138 2 0 9 8 7 5 4 3 2
139 2 0
140 5 1 4 2 0 5 6 7 10 8
141 2 0 4 2
142 2 3 4 0 6 4
143 2 0
144 3 1 4 0 6 10 6 7 8 4
145 2 0 5 3 2
146 2 0
147 3 1 0 3 4
148 0 1
149 4 1 2 5 0 5 6 7 8 9
150 2 0 2 5 3 5 6 9 7
151 0
152 2 0 2 3 4 5 6
153 2 3 4 0 4 7 5 7 8
154 2 3 5 3 0 5
155 2 0 4 2 4 5 6 7 10 8
156 5 1 2 3 0 8 6 5 8 9
157 3 1 6 5 3 8 6 0 10 8
158 4 1 2 0 4 7 5 9 7
159 2 3 0 3 6 4 6 7 8 9
160 2 0 4 2 4
161 2 7 4 2 4 5 0
162 6 3 1 5 3 7 0 7
163 4 3 1 5 0 5 6 7
164 0 3 1 3
165 2 3 5 3 0 5 6 7
166 2 0 5 3 2 5
167 5 1 2 3 9 5 8 6 0 9
168 2 3 0 3 4 5 6 7
169 2 3 0 3 6 4
170 2 0 4 2 4 10 6 7 8 5
171 2 0 2 3
172 3 1 5 3 0
173 2 3 10 3 4 5 6 7 8 0
174 6 1 2 3 4 8 6 0
175 0 1 2 3
176 2 4 2 6 4 8 6 9 0
177 2 3 0
178 4 1 2 0 4 5 6
179 2 0 5 3 2 5 6
180 2 0 5 3 2 5 6
181 2 0 2 3 6 4 6 7 8 9
182 2 6 2 3 4 0
183 0
184 2 3 4 0
185 2 3 4 5 0 7 5 7
186 2 4 2 0 4 8 6 5 8
187 3 1 0 3
188 0 1 2 3 4
189 2 0 4 5 2
190 0 1 2 3
191 0 1 6 3 4 2 6 7
192 5 1 2 3 0 5 6 7 8 9
193 4 1 2 0 6 4
194 0 1 5 3 2 5 6 9 7 9
195 2 0 4 2
196 2 0 4 2
197 0 1 2 3 4 5 6
198 3 1 0 3 4 5 6
199 3 1 0 3 4 7 8 5 10 8
200 2 5 2 3 0 5 6 7 8
201 5 3 4 1 0 5 6 10 8 7
202 2 3 4 0 4 7 5
203 6 3 1 3 4 7 0 9 7
204 5 1 2 3 9 5 6 7 0 9
205 6 1 2 3 4 7 0 7
206 2 0 2
207 0
208 0
209 0
210 2 5 2 3 0 5 6 7 10 8
211 0
212 2 3 0
213 0 1
214 3 1 5 3 0 9 6 7 5 9
215 3 1 4 0 4 5 6
216 2 4 2 0 4 8 6 10 8 5
217 5 1 2 3 0 7 9 7 10 5
218 2 5 2 3 7 5 0
219 3 1 0 3 6 4 6 7 10 8
220 8 1 2 3 4 5 6 0 8 9
221 2 0 2
222 3 1 4 0 4 5 8 6 8 9
223 2 0 2 3 4 5 6 7
224 9 1 4 5 6 8 6 2 0
225 3 1 0 3 4
226 2 0 2 3 9 5 8 6 10 4
227 3 1 4 0 9 5 6 7 4 9
228 2 0 2 3 6 4 9 7 10 6
229 3 1 0 3 4 5 6
230 3 1 6 3 4 7 0 7 8
231 4 1 2 5 0 5 6
232 2 6 4 2 4 0 6
233 2 4 2 0 6 4 8 6
234 2 0 4 2
235 2 0 2 3 4 7 5
236 4 1 2 6 4 0 6 7 8 9
237 4 3 1 0 4 8 6 5
238 3 1 0 5 3 7 5
239 2 3 0 3 4
240 2 4 2 5 0 7 9 7 5 9
241 3 1 5 3 6 0 6 7 8 9
242 3 1 0 3 4
243 2 0 2 3 4
244 7 1 2 3 4 5 0 9 7 9
245 2 0 4 2
246 2 3 4 5 0 5 8 6
247 3 1 4 0 4 5 6 7 8
248 2 10 4 2 4 7 5 7 8 0
249 5 3 4 1 0 5 6 7 8 9
