0 2 0 2 3 4 5 8 6
1 2 5 2 3 0 5 8 6
2 2 5 4 2 0 5
3 5 1 4 2 0 7 5
4 2 0 2 3 4 5 6 7 8
5 2 0 6 5 3 2 6 9 7
6 2 0 4 2 6 4 6
7 0 1
8 2 0
9 2 0 4 2
10 2 3 0 3 4 5 8 9 10 6
11 0 1
12 2 0 4 5 2 5 6 9 7
13 2 0 2 3
14 3 1 0 5 3 5 8 6 10 8
15 2 3 0 3 4 5
16 2 0 2
17 2 4 2 0 4 5 6 7 8 9
18 2 0 4 5 2 7 5
19 2 3 4 5 6 0
20 2 0 2 3 6 4 6 7 8 9
21 3 1 4 5 0 5 8 6
22 2 3 0 5 3 5 6
23 2 0 2 3 8 7 5 4
24 2 0 4 2
25 3 1 0 5 3 5 9 7 6
26 2 0 2 3 6 4 6 7
27 2 0 2
28 3 1 5 3 6 0 6 9 7
29 2 3 0 3 7 5 4
30 2 0 4 2 4 5 8 6
31 6 1 4 2 4 8 6 9 0
32 8 3 4 1 7 5 4 9 0 9
33 2 0 2 3
34 0 3 1 5 6 3 8 6
35 2 0
36 3 1 0 5 3 5 6 7
37 3 1 0 3 6 7 8 10 10 4
38 2 0 4 2 4 7 5 7
39 0
40 2 3 0 3 4 7 5 7
41 2 0 5 3 2 5 8 6
42 0
43 2 0 2 3 4 5 6 10 8 7
44 0
45 2 4 4 0
46 2 6 2 5 3 0 6 7 10 8
47 2 3 0 3 4 5 6 7 8
48 2 0
49 2 0 2 3 6 7 4
50 2 3 0
51 2 3 0 5 3 5 6 9 7
52 2 3 0 3 6 4
53 2 0 2 5 3 7 5 9 7
54 2 0
55 2 0
56 0
57 2 0
58 3 1 0 3 4 7 5 7
59 2 0 4 2 4 5 6 9 10 7
60 2 4 2 0 4 5 6 7 8 9
61 5 1 2 3 0 7 5
62 2 3 0 3 4 5 8 6 8
63 2 0 2 3 4 5 8 9 6 9
64 2 0 4 2 6 4 6 9 7
65 3 1 0 3 4 7 5
66 6 1 2 5 3 0 8 6 8
67 2 3 8 3 4 5 6 0 8
68 4 3 1 0 6 7 8 9 10 4
69 2 0 2 3 4 7 5 7 8
70 2 0 4 2
71 2 0 2 8 4 5 6 3
72 2 3 0 5 6 3 8 6 8 9
73 2 3 0 3 4 5 6 9 7
74 2 4 2 0 4 9 8 6 5
75 0 1 2 3 4 5 6
76 2 3 4 0 4 5
77 2 3 0 5 3
78 0 3 1
79 2 7 4 2 4 5 0 9 7
80 2 3 4 0 4 7 5
81 2 0 2 3 6 4
82 2 3 0 3 4 7 5 7 10 8
83 2 3 0 7 4 5 3 7
84 2 3 0 3
85 0 3 1
86 2 0 2 3 4 5 8 6 8
87 4 1 2 0 4 5
88 4 1 2 7 4 5 0
89 2 0 2 3 4 8 6 5
90 2 8 2 5 3 5 6 0 10 8
91 0 3 7 5 3 5 1
92 2 3 0 7 6 4 3
93 3 1 4 0 4 7 5
94 2 0 4 2 4
95 0 1
96 3 1 5 3 0
97 2 3 0 5 3 5 6 7 8
98 2 3 0 3 4 7 5 7 8 9
99 3 1 0 3 4
100 3 1 4 9 6 4 6 7 0 9
101 2 4 2 0 6 4
102 7 1 4 5 6 2 0 7 10 8
103 2 4 2 0 4 5
104 0 4 2 1
105 2 0 2 3 4
106 2 0 4 5 2 5 9 7 6
107 2 3 0 5 3 5
108 2 0
109 4 3 1 0 4 7 5 7 8
110 2 0 4 6 4 2
111 2 0 4 2 6 4 8 6 8 9
112 2 0 2
113 2 4 2 0 4 5 6 7 8
114 7 1 4 5 2 5 0 7 10 8
115 2 3 0 3 4 5 6 9 7 9
116 2 0 2
117 2 0 4 2 4
118 5 1 4 2 7 5 0 9 7 9
119 3 1 4 0 4 5
120 2 0 4 2 4 5 6 9 7 9
121 6 1 2 3 4 0 6 9 7 9
122 2 3 0 8 4 7 5 3 8
123 2 0 4 2 4 7 5 7 10 8
124 2 0 4 2
125 2 3 0 3 4
126 2 3 5 5 6 7 0 7 10 8
127 3 1 4 0
128 3 1 0 3 4 7 5
129 7 1 4 2 4 5 0 7
130 2 0 4 6 4 2
131 2 0 2 3 4 8 6 5
132 2 0 6 5 3 2
133 2 3 0 5 3 5 6 10 8 7
134 3 1 10 5 3 7 8 5 8 0
135 3 1 4 0 4 5 6
136 2 0 2 3 4 5
137 10 3 1 3 4 9 8 6 5 0
138 2 0 4 2 6 4 8 6 8
139 2 0
140 5 1 4 2 0 5 10 7 8 6
141 2 0 2 3
142 2 3 0 3 6 4
143 2 0
144 3 1 4 0 4 5 6 7 8 9
145 2 0 5 3 2
146 2 0
147 2 3 0 3 4
148 2 0
149 4 3 1 5 0 5 6 7 8 9
150 2 0 5 3 2 5 9 7 6
151 0
152 2 0 4 2 4 7 5
153 2 4 2 0 7 5 4 7 8
154 2 5 2 3 0 5
155 2 0 4 2 4 5 6 10 8 7
156 4 3 1 5 0 5 6 7 8 9
157 2 3 0 5 6 3 6 7 10 8
158 5 1 4 2 7 5 0 9 7
159 2 3 0 7 4 5 3 7 10 8
160 2 0 4 2 4
161 2 0 4 2 4 5 6
162 6 3 1 5 3 7 0 7
163 2 3 5 3 0 5 6 7
164 0 3 4 1
165 3 1 0 5 3 5 8 6
166 2 0 4 2 4 5
167 4 1 2 9 4 5 8 6 0 9
168 2 3 0 3 4 5 8 6
169 2 3 0 3 4 5
170 2 0 4 2 4 5 6 7 10 8
171 2 0 4 2
172 2 3 0 5 3
173 3 1 0 9 4 5 8 6 10 3
174 2 8 2 5 6 3 6 0
175 2 3 4 0
176 8 4 2 1 4 5 6 0 8
177 3 1 0
178 2 4 2 0 4 5 6
179 2 0 2 3 4 5 6
180 2 0 2 3 4 5 6
181 2 0 2 3 6 4 6 9 7 9
182 2 3 6 3 4 0
183 0
184 0 1 2 3
185 0 3 4 5 6 1 6 7
186 0 1 2 3 4 5 6 7 8
187 2 3 0 3
188 2 3 0 3 4
189 0 3 4 5 1
190 2 3 0 3
191 0 1 2 3 4 5 6 7
192 2 0 2 3 4 5 6 7 8 9
193 2 4 2 0 4 5
194 3 1 0 3 4 7 5 9 7 9
195 0 3 4 1
196 0 3 4 1
197 2 3 4 5 6 0 6
198 3 1 0 3 4 5 6
199 2 3 0 3 6 8 8 9 10 4
200 3 1 5 3 0 5 6 7 8
201 2 5 4 2 0 5 10 7 8 6
202 2 3 0 3 4 7 5
203 6 3 5 5 1 7 0 7 8
204 9 3 1 3 6 4 6 7 0 9
205 6 3 1 5 3 7 0 7
206 2 0 2
207 0
208 0
209 0
210 2 0 5 3 2 5 8 6 10 8
211 0
212 3 1 0
213 0 1
214 2 3 0 5 3 5 6 7 8 9
215 2 3 0 3 4 7 5
216 2 0 4 2 4 5 6 9 7 9
217 2 5 2 3 0 7 5 7 8 9
218 5 1 4 2 0 7 5
219 2 3 0 6 4 3 6 10 8 7
220 2 8 4 5 2 7 5 0 8 9
221 2 0 2
222 3 1 4 0 4 5 8 6 8 9
223 2 0 2 5 3 5 6 7
224 5 1 4 2 6 0 6 7 8
225 2 3 0 5 3
226 2 0 2 3 4 8 6 5 10 8
227 3 1 4 0 6 4 6 7 10 8
228 2 0 4 5 6 2 6 7 10 8
229 2 3 0 5 3 5 6
230 3 1 5 3 6 0 6 7 8
231 4 1 2 5 0 7 5
232 2 5 4 2 6 0 6
233 4 1 2 0 6 7 8 4
234 2 0 2 3
235 2 0 2 3 4 5 6
236 3 3 4 6 4 0 6 7 10 8
237 4 3 1 0 8 5 6 4
238 3 1 0 5 6 7 3
239 2 3 0 3 4
240 2 0 4 2 4 5 6 9 7 9
241 3 1 0 3 6 4 6 9 7 9
242 2 3 0 5 3
243 2 0 2 3 4
244 7 3 1 3 4 5 0 9 10 7
245 2 0 4 2
246 3 1 4 0 4 5 8 6
247 2 4 2 0 4 5 6 7 8
248 2 0 4 2 4 7 5 7 8 9
249 3 1 4 5 0 5 6 10 8 7
