0 2 0 4 2 4 7 8 5
1 2 4 2 5 0 5 8 6
2 2 3 5 3 0 5
3 5 1 4 2 0 7 5
4 2 0 2 3 6 7 4 7 8
5 4 1 2 6 4 0 6 9 7
6 2 0 4 2 7 5 4
7 0 1
8 0 1
9 2 0 4 2
10 2 3 4 0 4 5 6 7 10 8
11 0 1
12 2 0 2 6 4 3 6 9 7
13 2 0 2 3
14 3 1 0 3 8 5 6 10 8 4
15 4 1 2 6 4 0
16 2 0 2
17 2 4 2 0 4 5 6 7 8 9
18 2 0 5 3 2 5 6
19 2 3 4 6 4 0
20 2 0 2 3 4 5 6 7 8 9
21 3 1 5 3 0 5 8 6
22 2 3 0 5 3 5 6
23 2 0 2 3 4 7 8 5
24 2 0 4 2
25 2 3 0 3 4 5 6 9 7
26 2 0 2 3 4 5 6 7
27 2 0 2
28 3 1 6 5 3 0 6 7 8
29 2 3 4 0 7 5 4
30 2 0 5 3 2 5 6 7
31 6 1 4 2 4 9 8 6 0
32 2 3 9 3 4 7 8 5 0 9
33 2 0 4 2
34 7 3 1 3 4 5 0 7
35 0 1
36 2 3 0 5 3 5 6 7
37 2 3 0 3 6 7 8 4 10 8
38 2 0 2 7 4 5 8 3
39 0
40 3 1 0 3 4 5 6 7
41 2 0 4 2 4 7 8 5
42 0
43 2 0 5 3 2 10 6 9 7 5
44 0
45 2 0 4 2
46 4 3 1 6 4 0 8 6 8 9
47 2 3 0 6 4 3 8 6 8
48 0 1
49 2 0 7 3 4 5 2
50 2 0 2
51 3 1 0 5 3 5 6 7 8
52 3 1 0 3 6 4
53 2 7 2 3 4 5 0 9 7
54 0 1
55 2 0
56 0
57 2 0
58 3 1 0 6 4 7 8 3
59 2 9 2 6 4 3 6 7 10 0
60 4 1 2 0 7 5 4 9 7 9
61 7 1 2 5 3 5 0
62 2 3 0 3 4 9 6 7 5
63 2 9 2 3 4 5 8 6 0 9
64 2 0 4 2 4 5 6 9 7
65 2 3 0 3 4 7 5
66 8 1 2 5 7 5 3 0 8
67 2 8 7 3 4 5 2 0 8
68 0 4 2 9 4 5 8 6 1 9
69 0 1 2 3 4 5 6 7 8
70 2 0 4 2
71 2 0 6 3 4 7 8 2
72 4 1 2 5 6 0 8 6 8 9
73 2 3 0 3 4 5 6 7 8
74 4 1 2 0 4 7 8 9 5
75 2 3 0 3 6 4 6
76 4 1 2 0 4 5
77 2 3 0 3 4
78 0 3 1
79 5 3 4 1 7 5 0 9 7
80 3 1 4 0 4 7 5
81 2 6 4 2 4 0
82 3 1 9 3 4 5 8 6 10 0
83 2 3 5 3 6 7 0 7
84 2 0 4 2
85 0 3 1
86 2 0 2 3 4 5 6 9 7
87 2 3 4 0 6 4
88 0 1 4 7 4 5 2
89 2 0 2 6 4 3 8 6
90 0 8 2 3 4 5 6 1 10 8
91 3 1 0 6 4 7 3
92 3 1 0 3 7 5 4
93 3 1 4 0 4 5 6
94 2 0 4 2 4
95 2 0
96 0 3 5 3 1
97 3 1 0 5 7 5 3 7 8
98 3 1 0 3 4 5 6 7 8 9
99 2 3 0 3 4
100 5 1 4 2 9 5 6 7 0 9
101 2 3 4 0 6 4
102 7 1 2 3 6 4 0 7 10 8
103 4 1 2 0 4 5
104 0 1 4 2
105 2 0 2 3 4
106 2 0 2 3 4 5 6 7 8
107 2 3 0 6 4 3
108 0 1
109 5 3 4 1 0 5 8 6 8
110 2 0 6 3 4 2
111 2 0 4 2 6 4 6 9 7 9
112 2 0 2
113 3 1 4 0 4 5 6 7 8
114 2 0 4 5 2 7 5 7 8 9
115 3 1 0 8 4 5 6 3 8 9
116 2 0 2
117 2 0 4 5 2
118 4 1 2 5 7 5 0 10 8 7
119 4 1 2 0 4 5
120 2 6 5 3 2 0 8 9 6 9
121 6 1 4 5 2 0 6 9 7 9
122 2 3 5 3 6 8 6 0 8
123 2 0 7 3 4 5 2 7 10 8
124 2 0 2 3
125 2 3 0 3 4
126 2 3 7 5 6 3 0 7 8 9
127 3 1 4 0
128 2 3 0 5 3 5 6
129 7 1 2 3 4 5 0 7
130 2 0 5 3 6 2
131 2 0 2 3 4 7 8 5
132 2 0 2 5 6 3
133 3 1 0 6 4 3 6 9 10 7
134 4 3 1 5 7 5 8 10 8 0
135 4 3 1 0 4 5 6
136 2 0 2 5 3 5
137 2 10 4 6 4 2 8 9 6 0
138 2 0 2 3 4 7 8 5 8
139 0 1
140 5 1 4 2 0 5 10 7 8 6
141 2 0 4 2
142 2 3 0 3 6 4
143 2 0
144 4 3 1 0 6 4 6 7 8 9
145 2 0 4 5 2
146 2 0
147 3 1 0 3 4
148 0 1
149 5 3 4 1 0 5 10 7 8 6
150 2 0 4 5 2 5 6 9 7
151 0
152 2 0 4 2 4 5 6
153 0 3 4 1 4 7 5 7 8
154 2 3 5 3 0 5
155 2 0 4 2 4 5 6 7 10 8
156 4 3 1 5 0 8 6 5 10 8
157 6 1 2 5 3 7 0 7 10 8
158 4 1 2 0 4 7 5 9 7
159 2 3 0 3 6 7 4 7 8 9
160 2 0 4 2 4
161 2 7 4 2 6 4 0
162 6 3 1 5 3 7 0 7
163 4 3 1 5 0 5 6 7
164 0 3 1 3
165 2 3 0 5 3 5 6 7
166 2 0 5 3 2 5
167 5 1 4 2 9 5 8 6 0 9
168 2 3 0 3 4 5 8 6
169 2 3 0 3 4 5
170 4 3 1 0 4 10 6 7 8 5
171 2 0 2 3
172 3 1 0 5 3
173 2 3 10 3 4 5 6 9 7 0
174 6 1 2 3 4 0 8 6
175 0 1 2 3
176 8 1 4 6 4 2 6 0 8
177 2 3 0
178 4 1 2 0 4 5 6
179 2 0 4 5 2 7 5
180 2 0 4 5 2 7 5
181 2 0 2 3 6 4 6 7 10 8
182 2 6 2 3 4 0
183 0
184 2 3 0 3
185 2 3 4 5 0 7 5 7
186 2 4 2 0 4 8 6 5 8
187 3 1 0 3
188 0 1 2 3 4
189 2 3 0 5 3
190 0 1 2 3
191 0 1 6 3 4 2 6 7
192 0 10 2 3 4 5 6 9 7 1
193 4 3 1 0 4 5
194 0 1 4 5 2 9 6 7 5 9
195 2 0 4 2
196 2 0 4 2
197 0 1 2 3 4 5 6
198 3 1 0 3 4 5 6
199 3 1 0 3 4 7 8 5 10 8
200 2 5 2 3 0 5 6 7 8
201 5 3 1 3 0 5 6 10 8 7
202 3 1 0 3 4 7 5
203 2 3 6 5 3 7 0 9 7
204 2 5 4 2 0 10 6 7 8 5
205 7 3 5 3 6 1 0 7
206 2 0 2
207 0
208 0
209 0
210 2 9 5 3 2 5 6 7 10 0
211 0
212 2 3 0
213 0 1
214 3 1 0 5 3 5 6 9 7 9
215 3 1 0 3 4 5 6
216 2 0 4 2 4 5 10 7 8 6
217 5 3 1 3 0 7 9 7 10 5
218 2 5 2 3 0 7 5
219 3 1 0 3 6 4 6 7 10 8
220 8 1 2 3 4 5 6 0 8 9
221 2 0 2
222 3 1 4 0 8 7 5 4 8 9
223 2 0 2 3 4 5 6 7
224 9 1 4 5 6 8 6 2 0
225 3 1 0 5 3
226 2 9 2 5 3 5 6 7 10 0
227 2 3 4 0 4 5 6 9 7 9
228 2 6 2 5 3 0 8 6 10 8
229 3 1 0 3 4 5 6
230 3 1 6 5 3 0 6 7 8
231 4 1 2 5 0 5 6
232 2 6 4 5 2 0 6
233 2 4 2 0 6 4 8 6
234 2 0 4 2
235 2 3 0 3 4 7 5
236 4 3 1 0 6 4 6 7 8 9
237 2 3 4 0 7 5 4 7
238 3 1 0 5 3 7 5
239 3 1 0 3 4
240 2 6 5 3 2 0 8 9 6 9
241 3 1 5 3 6 0 6 7 8 9
242 3 1 0 5 3
243 2 0 4 2 4
244 0 1 2 3 4 7 5 9 7 9
245 2 0 4 2
246 4 3 1 0 4 5 8 6
247 2 3 4 0 4 5 6 7 8
248 2 0 4 2 4 7 8 5 8 9
249 5 3 4 1 0 5 6 7 10 8
