Device: cuda:0
seed: 0
11.349983215332031
seed: 1
11.387813806533813
seed: 2
11.412680387496948
seed: 3
11.023347854614258
seed: 4
11.332224607467651
seed: 5
11.191910982131958
seed: 6
11.348647356033325
seed: 7
11.497949123382568
seed: 8
11.326923847198486
seed: 9
11.330296277999878
seed: 10
11.08398985862732
seed: 11
11.223193168640137
seed: 12
11.554977655410767
seed: 13
11.48460078239441
seed: 14
11.349037647247314
seed: 15
11.316434621810913
seed: 16
11.430727243423462
seed: 17
11.350291967391968
seed: 18
11.60913348197937
seed: 19
11.237665176391602
seed: 20
11.571589231491089
seed: 21
11.366420984268188
seed: 22
11.318305253982544
seed: 23
11.62653923034668
seed: 24
11.330538511276245
seed: 25
11.239277601242065
seed: 26
11.716293573379517
seed: 27
11.461470365524292
seed: 28
11.541597366333008
seed: 29
11.59241533279419
