Device: cuda:0
seed: 0
0.09280180931091309
seed: 1
0.01332235336303711
seed: 2
0.017390966415405273
seed: 3
0.013362884521484375
seed: 4
0.013006448745727539
seed: 5
0.013052701950073242
seed: 6
0.013153553009033203
seed: 7
0.013599157333374023
seed: 8
0.01321101188659668
seed: 9
0.013016700744628906
seed: 10
0.013377666473388672
seed: 11
0.01310586929321289
seed: 12
0.013147592544555664
seed: 13
0.013128995895385742
seed: 14
0.013065814971923828
seed: 15
0.012941360473632812
seed: 16
0.013160228729248047
seed: 17
0.013041019439697266
seed: 18
0.01317143440246582
seed: 19
0.013234853744506836
seed: 20
0.012920856475830078
seed: 21
0.012969970703125
seed: 22
0.01285099983215332
seed: 23
0.013118982315063477
seed: 24
0.013277530670166016
seed: 25
0.013171672821044922
seed: 26
0.012887716293334961
seed: 27
0.012978076934814453
seed: 28
0.012883663177490234
seed: 29
0.013506650924682617
