Device: cuda:0
seed: 0
k = 2 | UAS:	 0.6754996179983112
-------------------------
k = 3 | UAS:	 0.6522377256825767
-------------------------
k = 4 | UAS:	 0.680928063050384
-------------------------
k = 5 | UAS:	 0.6629940890264988
-------------------------
0.09720969200134277
seed: 1
k = 2 | UAS:	 0.672343077727291
-------------------------
k = 3 | UAS:	 0.6469098073907275
-------------------------
k = 4 | UAS:	 0.6740922433551811
-------------------------
k = 5 | UAS:	 0.6528810969480076
-------------------------
0.017139673233032227
seed: 2
k = 2 | UAS:	 0.6725843419518276
-------------------------
k = 3 | UAS:	 0.650528770758776
-------------------------
k = 4 | UAS:	 0.6798222686879247
-------------------------
k = 5 | UAS:	 0.66995054083397
-------------------------
0.01688408851623535
seed: 3
k = 2 | UAS:	 0.6725843419518276
-------------------------
k = 3 | UAS:	 0.6503076118862842
-------------------------
k = 4 | UAS:	 0.6793598455908963
-------------------------
k = 5 | UAS:	 0.6565402710201456
-------------------------
0.01907515525817871
seed: 4
k = 2 | UAS:	 0.6702722264666854
-------------------------
k = 3 | UAS:	 0.6629538783224094
-------------------------
k = 4 | UAS:	 0.661365555510877
-------------------------
k = 5 | UAS:	 0.6606216574852226
-------------------------
0.016649484634399414
seed: 5
k = 2 | UAS:	 0.667417266476336
-------------------------
k = 3 | UAS:	 0.641099360649805
-------------------------
k = 4 | UAS:	 0.6752784591258193
-------------------------
k = 5 | UAS:	 0.6689050625276448
-------------------------
0.016091108322143555
seed: 6
k = 2 | UAS:	 0.6725843419518276
-------------------------
k = 3 | UAS:	 0.6480960231613656
-------------------------
k = 4 | UAS:	 0.6788572117897784
-------------------------
k = 5 | UAS:	 0.6608830270618039
-------------------------
0.02058577537536621
seed: 7
k = 2 | UAS:	 0.6725843419518276
-------------------------
k = 3 | UAS:	 0.6503076118862842
-------------------------
k = 4 | UAS:	 0.6793598455908963
-------------------------
k = 5 | UAS:	 0.6684828501347059
-------------------------
0.019855737686157227
seed: 8
k = 2 | UAS:	 0.6668945273231734
-------------------------
k = 3 | UAS:	 0.6614258715670112
-------------------------
k = 4 | UAS:	 0.6621898749447103
-------------------------
k = 5 | UAS:	 0.6608830270618039
-------------------------
0.019062042236328125
seed: 9
k = 2 | UAS:	 0.672343077727291
-------------------------
k = 3 | UAS:	 0.6469098073907275
-------------------------
k = 4 | UAS:	 0.6740922433551811
-------------------------
k = 5 | UAS:	 0.6528810969480076
-------------------------
0.016422748565673828
seed: 10
k = 2 | UAS:	 0.6725843419518276
-------------------------
k = 3 | UAS:	 0.650528770758776
-------------------------
k = 4 | UAS:	 0.6796212151674775
-------------------------
k = 5 | UAS:	 0.6578672242550967
-------------------------
0.017623424530029297
seed: 11
k = 2 | UAS:	 0.672343077727291
-------------------------
k = 3 | UAS:	 0.6519964614580401
-------------------------
k = 4 | UAS:	 0.6738308737785998
-------------------------
k = 5 | UAS:	 0.6760424625035184
-------------------------
0.024478673934936523
seed: 12
k = 2 | UAS:	 0.6744340343399413
-------------------------
k = 3 | UAS:	 0.6487997104829305
-------------------------
k = 4 | UAS:	 0.677550363906872
-------------------------
k = 5 | UAS:	 0.6583899634082593
-------------------------
0.01674938201904297
seed: 13
k = 2 | UAS:	 0.6661908400016084
-------------------------
k = 3 | UAS:	 0.6461055933089388
-------------------------
k = 4 | UAS:	 0.675861514335116
-------------------------
k = 5 | UAS:	 0.666572841690458
-------------------------
0.016440153121948242
seed: 14
k = 2 | UAS:	 0.6754996179983112
-------------------------
k = 3 | UAS:	 0.651513933008967
-------------------------
k = 4 | UAS:	 0.6790582653102256
-------------------------
k = 5 | UAS:	 0.6572439583417106
-------------------------
0.01660323143005371
seed: 15
k = 2 | UAS:	 0.6754996179983112
-------------------------
k = 3 | UAS:	 0.651513933008967
-------------------------
k = 4 | UAS:	 0.6810285898106075
-------------------------
k = 5 | UAS:	 0.6584904901684828
-------------------------
0.016782283782958984
seed: 16
k = 2 | UAS:	 0.6702722264666854
-------------------------
k = 3 | UAS:	 0.6465278057018778
-------------------------
k = 4 | UAS:	 0.676424464192368
-------------------------
k = 5 | UAS:	 0.6535445735654831
-------------------------
0.02136540412902832
seed: 17
k = 2 | UAS:	 0.672343077727291
-------------------------
k = 3 | UAS:	 0.64602517190076
-------------------------
k = 4 | UAS:	 0.6783143672845712
-------------------------
k = 5 | UAS:	 0.6592343881941373
-------------------------
0.01585221290588379
seed: 18
k = 2 | UAS:	 0.6702722264666854
-------------------------
k = 3 | UAS:	 0.6465278057018778
-------------------------
k = 4 | UAS:	 0.6736499256101974
-------------------------
k = 5 | UAS:	 0.6696489605532993
-------------------------
0.01600813865661621
seed: 19
k = 2 | UAS:	 0.6725843419518276
-------------------------
k = 3 | UAS:	 0.650528770758776
-------------------------
k = 4 | UAS:	 0.6788371064377338
-------------------------
k = 5 | UAS:	 0.6578672242550967
-------------------------
0.1057589054107666
seed: 20
k = 2 | UAS:	 0.6725843419518276
-------------------------
k = 3 | UAS:	 0.6503076118862842
-------------------------
k = 4 | UAS:	 0.6798423740399694
-------------------------
k = 5 | UAS:	 0.6566005870762797
-------------------------
0.021416187286376953
seed: 21
k = 2 | UAS:	 0.6725843419518276
-------------------------
k = 3 | UAS:	 0.6503076118862842
-------------------------
k = 4 | UAS:	 0.6784752101009288
-------------------------
k = 5 | UAS:	 0.6553741606015522
-------------------------
0.028970956802368164
seed: 22
k = 2 | UAS:	 0.672343077727291
-------------------------
k = 3 | UAS:	 0.64602517190076
-------------------------
k = 4 | UAS:	 0.6783143672845712
-------------------------
k = 5 | UAS:	 0.6678997949254092
-------------------------
0.020847558975219727
seed: 23
k = 2 | UAS:	 0.672343077727291
-------------------------
k = 3 | UAS:	 0.64602517190076
-------------------------
k = 4 | UAS:	 0.6753588805339982
-------------------------
k = 5 | UAS:	 0.675439301942177
-------------------------
0.01711416244506836
seed: 24
k = 2 | UAS:	 0.6725843419518276
-------------------------
k = 3 | UAS:	 0.6503076118862842
-------------------------
k = 4 | UAS:	 0.6784752101009288
-------------------------
k = 5 | UAS:	 0.6591539667859584
-------------------------
0.018438339233398438
seed: 25
k = 2 | UAS:	 0.6754996179983112
-------------------------
k = 3 | UAS:	 0.651513933008967
-------------------------
k = 4 | UAS:	 0.6790582653102256
-------------------------
k = 5 | UAS:	 0.6587920704491536
-------------------------
0.021624088287353516
seed: 26
k = 2 | UAS:	 0.6702722264666854
-------------------------
k = 3 | UAS:	 0.6448188507780771
-------------------------
k = 4 | UAS:	 0.67698741404962
-------------------------
k = 5 | UAS:	 0.6583899634082593
-------------------------
0.016132593154907227
seed: 27
k = 2 | UAS:	 0.6725843419518276
-------------------------
k = 3 | UAS:	 0.650528770758776
-------------------------
k = 4 | UAS:	 0.6798222686879247
-------------------------
k = 5 | UAS:	 0.657424906510113
-------------------------
0.01570582389831543
seed: 28
k = 2 | UAS:	 0.6754996179983112
-------------------------
k = 3 | UAS:	 0.6522377256825767
-------------------------
k = 4 | UAS:	 0.6779122602436769
-------------------------
k = 5 | UAS:	 0.6590132293216454
-------------------------
0.017267704010009766
seed: 29
k = 2 | UAS:	 0.6744340343399413
-------------------------
k = 3 | UAS:	 0.6523985684989344
-------------------------
k = 4 | UAS:	 0.6792995295347621
-------------------------
k = 5 | UAS:	 0.6583497527041698
-------------------------
0.0160675048828125
