Device: cuda:0
seed: 0
0.4559032917022705
seed: 1
0.3557717800140381
seed: 2
0.38765954971313477
seed: 3
0.352935791015625
seed: 4
0.3517155647277832
seed: 5
0.3531227111816406
seed: 6
0.3519115447998047
seed: 7
0.3541743755340576
seed: 8
0.3488121032714844
seed: 9
0.35445165634155273
seed: 10
0.38668203353881836
seed: 11
0.3528175354003906
seed: 12
0.3492908477783203
seed: 13
0.3525867462158203
seed: 14
0.3491251468658447
seed: 15
0.3534278869628906
seed: 16
0.3478362560272217
seed: 17
0.35310792922973633
seed: 18
0.38597965240478516
seed: 19
0.3529512882232666
seed: 20
0.34969401359558105
seed: 21
0.35181331634521484
seed: 22
0.3489093780517578
seed: 23
0.35410571098327637
seed: 24
0.3488345146179199
seed: 25
0.3520181179046631
seed: 26
0.38634347915649414
seed: 27
0.35257816314697266
seed: 28
0.3506448268890381
seed: 29
0.3567190170288086
