Device: cuda:0
seed: 0
k = 2 | UAS:	 0.6754996179983112
-------------------------
k = 3 | UAS:	 0.6656278901443564
-------------------------
k = 4 | UAS:	 0.669387590976718
-------------------------
k = 5 | UAS:	 0.6706743335075798
-------------------------
0.0654137134552002
seed: 1
k = 2 | UAS:	 0.6226828581768467
-------------------------
k = 3 | UAS:	 0.6731271864570348
-------------------------
k = 4 | UAS:	 0.6709960191402952
-------------------------
k = 5 | UAS:	 0.674735614620612
-------------------------
0.00857234001159668
seed: 2
k = 2 | UAS:	 0.6725843419518276
-------------------------
k = 3 | UAS:	 0.6745144557481202
-------------------------
k = 4 | UAS:	 0.6727250794161406
-------------------------
k = 5 | UAS:	 0.6791185813663597
-------------------------
0.009396076202392578
seed: 3
k = 2 | UAS:	 0.6725843419518276
-------------------------
k = 3 | UAS:	 0.6693674856246733
-------------------------
k = 4 | UAS:	 0.6740520326510917
-------------------------
k = 5 | UAS:	 0.672343077727291
-------------------------
0.008554935455322266
seed: 4
k = 2 | UAS:	 0.6702722264666854
-------------------------
k = 3 | UAS:	 0.6704330692830431
-------------------------
k = 4 | UAS:	 0.6706944388596244
-------------------------
k = 5 | UAS:	 0.6685833768949294
-------------------------
0.009152650833129883
seed: 5
k = 2 | UAS:	 0.6212352728296272
-------------------------
k = 3 | UAS:	 0.6709558084362057
-------------------------
k = 4 | UAS:	 0.6645824118380312
-------------------------
k = 5 | UAS:	 0.6683421126703929
-------------------------
0.008820056915283203
seed: 6
k = 2 | UAS:	 0.6725843419518276
-------------------------
k = 3 | UAS:	 0.6745144557481202
-------------------------
k = 4 | UAS:	 0.671498652941413
-------------------------
k = 5 | UAS:	 0.676002251799429
-------------------------
0.009271860122680664
seed: 7
k = 2 | UAS:	 0.6267240339378343
-------------------------
k = 3 | UAS:	 0.6715790743495919
-------------------------
k = 4 | UAS:	 0.6669347380272629
-------------------------
k = 5 | UAS:	 0.6683019019663035
-------------------------
0.008594274520874023
seed: 8
k = 2 | UAS:	 0.6668945273231734
-------------------------
k = 3 | UAS:	 0.6662712614097873
-------------------------
k = 4 | UAS:	 0.6676384253488279
-------------------------
k = 5 | UAS:	 0.6648035707105231
-------------------------
0.009460926055908203
seed: 9
k = 2 | UAS:	 0.672343077727291
-------------------------
k = 3 | UAS:	 0.6655273633841329
-------------------------
k = 4 | UAS:	 0.6709759137882504
-------------------------
k = 5 | UAS:	 0.6690055892878685
-------------------------
0.008803367614746094
seed: 10
k = 2 | UAS:	 0.6725843419518276
-------------------------
k = 3 | UAS:	 0.6745144557481202
-------------------------
k = 4 | UAS:	 0.6727250794161406
-------------------------
k = 5 | UAS:	 0.6777916281314086
-------------------------
0.00970149040222168
seed: 11
k = 2 | UAS:	 0.6226828581768467
-------------------------
k = 3 | UAS:	 0.6731271864570348
-------------------------
k = 4 | UAS:	 0.6709960191402952
-------------------------
k = 5 | UAS:	 0.6695886444971652
-------------------------
0.009697914123535156
seed: 12
k = 2 | UAS:	 0.6045880413366038
-------------------------
k = 3 | UAS:	 0.6702722264666854
-------------------------
k = 4 | UAS:	 0.6734287667377056
-------------------------
k = 5 | UAS:	 0.6736901363142869
-------------------------
0.00921940803527832
seed: 13
k = 2 | UAS:	 0.6212352728296272
-------------------------
k = 3 | UAS:	 0.6731875025131691
-------------------------
k = 4 | UAS:	 0.6642406208532712
-------------------------
k = 5 | UAS:	 0.6681410591499457
-------------------------
0.009332418441772461
seed: 14
k = 2 | UAS:	 0.6267240339378343
-------------------------
k = 3 | UAS:	 0.6715790743495919
-------------------------
k = 4 | UAS:	 0.6669347380272629
-------------------------
k = 5 | UAS:	 0.6731271864570348
-------------------------
0.008459329605102539
seed: 15
k = 2 | UAS:	 0.6267240339378343
-------------------------
k = 3 | UAS:	 0.6715790743495919
-------------------------
k = 4 | UAS:	 0.6669347380272629
-------------------------
k = 5 | UAS:	 0.6731271864570348
-------------------------
0.00841665267944336
seed: 16
k = 2 | UAS:	 0.6702722264666854
-------------------------
k = 3 | UAS:	 0.6704330692830431
-------------------------
k = 4 | UAS:	 0.6736901363142869
-------------------------
k = 5 | UAS:	 0.6713177047730106
-------------------------
0.008676767349243164
seed: 17
k = 2 | UAS:	 0.6226828581768467
-------------------------
k = 3 | UAS:	 0.6731271864570348
-------------------------
k = 4 | UAS:	 0.6709960191402952
-------------------------
k = 5 | UAS:	 0.674735614620612
-------------------------
0.008690357208251953
seed: 18
k = 2 | UAS:	 0.6226828581768467
-------------------------
k = 3 | UAS:	 0.6749768788451486
-------------------------
k = 4 | UAS:	 0.6664522095781897
-------------------------
k = 5 | UAS:	 0.6686637983031083
-------------------------
0.0085296630859375
seed: 19
k = 2 | UAS:	 0.6267240339378343
-------------------------
k = 3 | UAS:	 0.6677188467570068
-------------------------
k = 4 | UAS:	 0.6633559853633038
-------------------------
k = 5 | UAS:	 0.6709960191402952
-------------------------
0.008623838424682617
seed: 20
k = 2 | UAS:	 0.6725843419518276
-------------------------
k = 3 | UAS:	 0.6693674856246733
-------------------------
k = 4 | UAS:	 0.6710965459005187
-------------------------
k = 5 | UAS:	 0.6729663436406772
-------------------------
0.008510589599609375
seed: 21
k = 2 | UAS:	 0.6267240339378343
-------------------------
k = 3 | UAS:	 0.6677188467570068
-------------------------
k = 4 | UAS:	 0.6633559853633038
-------------------------
k = 5 | UAS:	 0.6690055892878685
-------------------------
0.009067535400390625
seed: 22
k = 2 | UAS:	 0.672343077727291
-------------------------
k = 3 | UAS:	 0.665869154368893
-------------------------
k = 4 | UAS:	 0.6696489605532993
-------------------------
k = 5 | UAS:	 0.6688447464715107
-------------------------
0.008409261703491211
seed: 23
k = 2 | UAS:	 0.6226828581768467
-------------------------
k = 3 | UAS:	 0.6731271864570348
-------------------------
k = 4 | UAS:	 0.6669146326752181
-------------------------
k = 5 | UAS:	 0.670091278298283
-------------------------
0.06586098670959473
seed: 24
k = 2 | UAS:	 0.6725843419518276
-------------------------
k = 3 | UAS:	 0.6745144557481202
-------------------------
k = 4 | UAS:	 0.6667940005629499
-------------------------
k = 5 | UAS:	 0.6715388636455024
-------------------------
0.008989334106445312
seed: 25
k = 2 | UAS:	 0.6267240339378343
-------------------------
k = 3 | UAS:	 0.6715790743495919
-------------------------
k = 4 | UAS:	 0.6744742450440308
-------------------------
k = 5 | UAS:	 0.6763842534882786
-------------------------
0.009001970291137695
seed: 26
k = 2 | UAS:	 0.6226828581768467
-------------------------
k = 3 | UAS:	 0.6749768788451486
-------------------------
k = 4 | UAS:	 0.6664522095781897
-------------------------
k = 5 | UAS:	 0.6705335960432667
-------------------------
0.008493423461914062
seed: 27
k = 2 | UAS:	 0.6267240339378343
-------------------------
k = 3 | UAS:	 0.6677188467570068
-------------------------
k = 4 | UAS:	 0.6633559853633038
-------------------------
k = 5 | UAS:	 0.6709960191402952
-------------------------
0.00857400894165039
seed: 28
k = 2 | UAS:	 0.6754996179983112
-------------------------
k = 3 | UAS:	 0.6607825003015803
-------------------------
k = 4 | UAS:	 0.6684627447826611
-------------------------
k = 5 | UAS:	 0.6734086613856609
-------------------------
0.008623838424682617
seed: 29
k = 2 | UAS:	 0.6267240339378343
-------------------------
k = 3 | UAS:	 0.6746149825083437
-------------------------
k = 4 | UAS:	 0.6746752985644778
-------------------------
k = 5 | UAS:	 0.6787566850295549
-------------------------
0.00868844985961914
