Device: cuda:0
seed: 0
0.7525684833526611
seed: 1
0.39920973777770996
seed: 2
0.43190455436706543
seed: 3
0.40100812911987305
seed: 4
0.40875911712646484
seed: 5
0.40432024002075195
seed: 6
0.4064629077911377
seed: 7
0.4026622772216797
seed: 8
0.39736509323120117
seed: 9
0.40380191802978516
seed: 10
0.42861437797546387
seed: 11
0.4064199924468994
seed: 12
0.4051637649536133
seed: 13
0.40961599349975586
seed: 14
0.4036400318145752
seed: 15
0.40240931510925293
seed: 16
0.40239548683166504
seed: 17
0.39989209175109863
seed: 18
0.428882360458374
seed: 19
0.4005558490753174
seed: 20
0.4074974060058594
seed: 21
0.40119314193725586
seed: 22
0.4051384925842285
seed: 23
0.39838743209838867
seed: 24
0.4031350612640381
seed: 25
0.400590181350708
seed: 26
0.43343019485473633
seed: 27
0.3997688293457031
seed: 28
0.4048147201538086
seed: 29
0.40123414993286133
