Device: cuda:0
seed: 0
0.06255173683166504
seed: 1
0.006592750549316406
seed: 2
0.006418943405151367
seed: 3
0.0065267086029052734
seed: 4
0.0065495967864990234
seed: 5
0.006310701370239258
seed: 6
0.006351470947265625
seed: 7
0.0067577362060546875
seed: 8
0.006325483322143555
seed: 9
0.0062105655670166016
seed: 10
0.006412506103515625
seed: 11
0.0063152313232421875
seed: 12
0.006369352340698242
seed: 13
0.0062258243560791016
seed: 14
0.006314277648925781
seed: 15
0.006360769271850586
seed: 16
0.006320476531982422
seed: 17
0.006293296813964844
seed: 18
0.006311178207397461
seed: 19
0.006366252899169922
seed: 20
0.006353855133056641
seed: 21
0.006310939788818359
seed: 22
0.006303548812866211
seed: 23
0.006372928619384766
seed: 24
0.006217241287231445
seed: 25
0.006311178207397461
seed: 26
0.006379127502441406
seed: 27
0.006369829177856445
seed: 28
0.006255626678466797
seed: 29
0.006841421127319336
