Device: cuda:0
seed: 0
0.019942283630371094
seed: 1
0.00019025802612304688
seed: 2
0.00023126602172851562
seed: 3
0.00018739700317382812
seed: 4
0.00022101402282714844
seed: 5
0.0002224445343017578
seed: 6
0.0002028942108154297
seed: 7
0.0007300376892089844
seed: 8
0.00019168853759765625
seed: 9
0.00020933151245117188
seed: 10
0.00020122528076171875
seed: 11
0.0002148151397705078
seed: 12
0.00019311904907226562
seed: 13
0.0002243518829345703
seed: 14
0.00017571449279785156
seed: 15
0.0002028942108154297
seed: 16
0.0001926422119140625
seed: 17
0.00021338462829589844
seed: 18
0.00021576881408691406
seed: 19
0.00019979476928710938
seed: 20
0.00021910667419433594
seed: 21
0.00019359588623046875
seed: 22
0.0002105236053466797
seed: 23
0.00018930435180664062
seed: 24
0.00022554397583007812
seed: 25
0.0001747608184814453
seed: 26
0.000232696533203125
seed: 27
0.00019025802612304688
seed: 28
0.00021386146545410156
seed: 29
0.00072479248046875
